<?xml version="1.0" encoding="UTF-8"?>
<!-- Generated by org.testng.reporters.JUnitReportReporter -->
<testsuite skipped="0" hostname="ATMECSINDT-080" name="com.atmecs.ninja.testscripts.CartActions" tests="7" failures="0" timestamp="12 Nov 2019 11:36:36 GMT" time="30.302" errors="0">
  <testcase name="setup" time="14.050" classname="com.atmecs.ninja.testscripts.CartActions"/>
  <testcase name="clickSearchButton" time="0.234" classname="com.atmecs.ninja.testscripts.CartActions"/>
  <testcase name="enterData" time="3.283" classname="com.atmecs.ninja.testscripts.CartActions"/>
  <testcase name="enterData" time="8.187" classname="com.atmecs.ninja.testscripts.CartActions"/>
  <testcase name="validateCartAfterAdd" time="1.436" classname="com.atmecs.ninja.testscripts.CartActions"/>
  <testcase name="validateAfterRemove" time="1.895" classname="com.atmecs.ninja.testscripts.CartActions"/>
  <testcase name="negativeTestCase" time="1.217" classname="com.atmecs.ninja.testscripts.CartActions"/>
</testsuite> <!-- com.atmecs.ninja.testscripts.CartActions -->
